{"C:\\Users\\vaneo\\Escritorio\\JavaScript-Capstone\\src\\modules\\commentsCounter.js": {"path":"C:\\Users\\vaneo\\Escritorio\\JavaScript-Capstone\\src\\modules\\commentsCounter.js","statementMap":{"0":{"start":{"line":1,"column":24},"end":{"line":14,"column":1}},"1":{"start":{"line":2,"column":30},"end":{"line":2,"column":78}},"2":{"start":{"line":4,"column":2},"end":{"line":4,"column":37}},"3":{"start":{"line":6,"column":18},"end":{"line":6,"column":38}},"4":{"start":{"line":8,"column":26},"end":{"line":8,"column":56}},"5":{"start":{"line":9,"column":2},"end":{"line":9,"column":52}},"6":{"start":{"line":10,"column":2},"end":{"line":10,"column":45}},"7":{"start":{"line":11,"column":2},"end":{"line":11,"column":51}},"8":{"start":{"line":13,"column":2},"end":{"line":13,"column":25}}},"fnMap":{"0":{"name":"(anonymous_0)","decl":{"start":{"line":1,"column":24},"end":{"line":1,"column":25}},"loc":{"start":{"line":1,"column":38},"end":{"line":14,"column":1}},"line":1}},"branchMap":{"0":{"loc":{"start":{"line":6,"column":18},"end":{"line":6,"column":38}},"type":"binary-expr","locations":[{"start":{"line":6,"column":18},"end":{"line":6,"column":33}},{"start":{"line":6,"column":37},"end":{"line":6,"column":38}}],"line":6}},"s":{"0":1,"1":2,"2":2,"3":2,"4":2,"5":2,"6":2,"7":2,"8":2},"f":{"0":2},"b":{"0":[2,0]},"_coverageSchema":"1a1c01bbd47fc00a2c39e90264f33305004495a9","hash":"b51c52f08a6e89ef206a9e9f4953386a2275a0d1"}
}
